0 info it worked if it ends with ok
1 verbose cli [ '/usr/local/bin/node',
1 verbose cli   '/usr/local/bin/npm',
1 verbose cli   '-g',
1 verbose cli   'install',
1 verbose cli   'angular-route@1.4.8' ]
2 info using npm@2.15.1
3 info using node@v4.4.3
4 verbose install initial load of /usr/local/lib/package.json
5 verbose readDependencies loading dependencies from /usr/local/lib/package.json
6 silly cache add args [ 'angular-route@1.4.8', null ]
7 verbose cache add spec angular-route@1.4.8
8 silly cache add parsed spec Result {
8 silly cache add   raw: 'angular-route@1.4.8',
8 silly cache add   scope: null,
8 silly cache add   name: 'angular-route',
8 silly cache add   rawSpec: '1.4.8',
8 silly cache add   spec: '1.4.8',
8 silly cache add   type: 'version' }
9 silly addNamed angular-route@1.4.8
10 verbose addNamed "1.4.8" is a plain semver version for angular-route
11 silly mapToRegistry name angular-route
12 silly mapToRegistry using default registry
13 silly mapToRegistry registry https://registry.npmjs.org/
14 silly mapToRegistry data Result {
14 silly mapToRegistry   raw: 'angular-route',
14 silly mapToRegistry   scope: null,
14 silly mapToRegistry   name: 'angular-route',
14 silly mapToRegistry   rawSpec: '',
14 silly mapToRegistry   spec: 'latest',
14 silly mapToRegistry   type: 'tag' }
15 silly mapToRegistry uri https://registry.npmjs.org/angular-route
16 verbose addNameVersion registry:https://registry.npmjs.org/angular-route not in flight; fetching
17 verbose request uri https://registry.npmjs.org/angular-route
18 verbose request no auth needed
19 info attempt registry request try #1 at 7:17:08 PM
20 verbose request id bbced6e8b75a682b
21 http request GET https://registry.npmjs.org/angular-route
22 http 200 https://registry.npmjs.org/angular-route
23 verbose headers { server: 'CouchDB/1.5.0 (Erlang OTP/R16B03)',
23 verbose headers   etag: '"9G12HEWB084YFCSADV7GMIW1S"',
23 verbose headers   'content-type': 'application/json',
23 verbose headers   'cache-control': 'max-age=300',
23 verbose headers   'content-length': '70109',
23 verbose headers   'accept-ranges': 'bytes',
23 verbose headers   date: 'Mon, 25 Apr 2016 11:17:08 GMT',
23 verbose headers   via: '1.1 varnish',
23 verbose headers   age: '0',
23 verbose headers   connection: 'keep-alive',
23 verbose headers   'x-served-by': 'cache-hkg6826-HKG',
23 verbose headers   'x-cache': 'HIT',
23 verbose headers   'x-cache-hits': '1',
23 verbose headers   'x-timer': 'S1461583028.712207,VS0,VE187',
23 verbose headers   vary: 'Accept-Encoding' }
24 silly get cb [ 200,
24 silly get   { server: 'CouchDB/1.5.0 (Erlang OTP/R16B03)',
24 silly get     etag: '"9G12HEWB084YFCSADV7GMIW1S"',
24 silly get     'content-type': 'application/json',
24 silly get     'cache-control': 'max-age=300',
24 silly get     'content-length': '70109',
24 silly get     'accept-ranges': 'bytes',
24 silly get     date: 'Mon, 25 Apr 2016 11:17:08 GMT',
24 silly get     via: '1.1 varnish',
24 silly get     age: '0',
24 silly get     connection: 'keep-alive',
24 silly get     'x-served-by': 'cache-hkg6826-HKG',
24 silly get     'x-cache': 'HIT',
24 silly get     'x-cache-hits': '1',
24 silly get     'x-timer': 'S1461583028.712207,VS0,VE187',
24 silly get     vary: 'Accept-Encoding' } ]
25 verbose get saving angular-route to /Users/dinghanyu/.npm/registry.npmjs.org/angular-route/.cache.json
26 verbose correctMkdir /Users/dinghanyu/.npm correctMkdir not in flight; initializing
27 silly mapToRegistry name angular-route
28 silly mapToRegistry using default registry
29 silly mapToRegistry registry https://registry.npmjs.org/
30 silly mapToRegistry data Result {
30 silly mapToRegistry   raw: 'angular-route',
30 silly mapToRegistry   scope: null,
30 silly mapToRegistry   name: 'angular-route',
30 silly mapToRegistry   rawSpec: '',
30 silly mapToRegistry   spec: 'latest',
30 silly mapToRegistry   type: 'tag' }
31 silly mapToRegistry uri https://registry.npmjs.org/angular-route
32 verbose addRemoteTarball https://registry.npmjs.org/angular-route/-/angular-route-1.4.8.tgz not in flight; adding
33 verbose addRemoteTarball [ 'https://registry.npmjs.org/angular-route/-/angular-route-1.4.8.tgz',
33 verbose addRemoteTarball   'dffb646fa7ea10f29870875d60bd3729fe217cb7' ]
34 info retry fetch attempt 1 at 7:17:09 PM
35 info attempt registry request try #1 at 7:17:09 PM
36 http fetch GET https://registry.npmjs.org/angular-route/-/angular-route-1.4.8.tgz
37 http fetch 200 https://registry.npmjs.org/angular-route/-/angular-route-1.4.8.tgz
38 silly fetchAndShaCheck shasum dffb646fa7ea10f29870875d60bd3729fe217cb7
39 verbose addTmpTarball /var/folders/sx/qnz3y75d3j10sjjl7twy26_r0000gn/T/npm-9367-ae30c70f/registry.npmjs.org/angular-route/-/angular-route-1.4.8.tgz not in flight; adding
40 verbose addTmpTarball already have metadata; skipping unpack for angular-route@1.4.8
41 verbose correctMkdir /Users/dinghanyu/.npm correctMkdir not in flight; initializing
42 silly cache afterAdd angular-route@1.4.8
43 verbose afterAdd /Users/dinghanyu/.npm/angular-route/1.4.8/package/package.json not in flight; writing
44 verbose correctMkdir /Users/dinghanyu/.npm correctMkdir not in flight; initializing
45 verbose afterAdd /Users/dinghanyu/.npm/angular-route/1.4.8/package/package.json written
46 silly install resolved [ { name: 'angular-route',
46 silly install resolved     version: '1.4.8',
46 silly install resolved     description: 'AngularJS router module',
46 silly install resolved     main: 'index.js',
46 silly install resolved     scripts: { test: 'echo "Error: no test specified" && exit 1' },
46 silly install resolved     repository:
46 silly install resolved      { type: 'git',
46 silly install resolved        url: 'https://github.com/angular/angular.js.git' },
46 silly install resolved     keywords: [ 'angular', 'framework', 'browser', 'router', 'client-side' ],
46 silly install resolved     author:
46 silly install resolved      { name: 'Angular Core Team',
46 silly install resolved        email: 'angular-core+npm@google.com' },
46 silly install resolved     license: 'MIT',
46 silly install resolved     bugs: { url: 'https://github.com/angular/angular.js/issues' },
46 silly install resolved     homepage: 'http://angularjs.org',
46 silly install resolved     gitHead: '623c956a4151bd8e864ba7d166eb8744413dde7d',
46 silly install resolved     _id: 'angular-route@1.4.8',
46 silly install resolved     _shasum: 'dffb646fa7ea10f29870875d60bd3729fe217cb7',
46 silly install resolved     _from: 'angular-route@1.4.8',
46 silly install resolved     _npmVersion: '2.0.2',
46 silly install resolved     _nodeVersion: '0.10.26',
46 silly install resolved     _npmUser: { name: 'angularcore', email: 'angular-core+npm@google.com' },
46 silly install resolved     maintainers: [ [Object], [Object], [Object] ],
46 silly install resolved     dist:
46 silly install resolved      { shasum: 'dffb646fa7ea10f29870875d60bd3729fe217cb7',
46 silly install resolved        tarball: 'https://registry.npmjs.org/angular-route/-/angular-route-1.4.8.tgz' },
46 silly install resolved     directories: {},
46 silly install resolved     _resolved: 'https://registry.npmjs.org/angular-route/-/angular-route-1.4.8.tgz' } ]
47 info install angular-route@1.4.8 into /usr/local/lib
48 info installOne angular-route@1.4.8
49 verbose installOne of angular-route to /usr/local/lib not in flight; installing
50 verbose correctMkdir /Users/dinghanyu/.npm/_locks correctMkdir not in flight; initializing
51 verbose lock using /Users/dinghanyu/.npm/_locks/angular-route-728b20834f0ebe89.lock for /usr/local/lib/node_modules/angular-route
52 silly install write writing angular-route 1.4.8 to /usr/local/lib/node_modules/angular-route
53 verbose unbuild lib/node_modules/angular-route
54 silly gentlyRm /usr/local/lib/node_modules/angular-route is being purged from base /usr/local
55 verbose gentlyRm don't care about contents; nuking /usr/local/lib/node_modules/angular-route
56 verbose tar unpack /Users/dinghanyu/.npm/angular-route/1.4.8/package.tgz
57 verbose tar unpacking to /usr/local/lib/node_modules/angular-route
58 silly gentlyRm /usr/local/lib/node_modules/angular-route is being purged
59 verbose gentlyRm don't care about contents; nuking /usr/local/lib/node_modules/angular-route
60 silly gunzTarPerm modes [ '755', '644' ]
61 error tar.unpack untar error /Users/dinghanyu/.npm/angular-route/1.4.8/package.tgz
62 verbose unlock done using /Users/dinghanyu/.npm/_locks/angular-route-728b20834f0ebe89.lock for /usr/local/lib/node_modules/angular-route
63 verbose fstream_path /usr/local/lib/node_modules/angular-route
64 verbose fstream_type Directory
65 verbose fstream_class DirWriter
66 verbose stack Error: EACCES: permission denied, mkdir '/usr/local/lib/node_modules/angular-route'
66 verbose stack     at Error (native)
67 verbose fstream_stack /usr/local/lib/node_modules/npm/node_modules/fstream/lib/dir-writer.js:35:25
67 verbose fstream_stack /usr/local/lib/node_modules/npm/node_modules/mkdirp/index.js:47:53
67 verbose fstream_stack FSReqWrap.oncomplete (fs.js:82:15)
68 verbose cwd /Users/dinghanyu/Documents/program/python
69 error Darwin 15.4.0
70 error argv "/usr/local/bin/node" "/usr/local/bin/npm" "-g" "install" "angular-route@1.4.8"
71 error node v4.4.3
72 error npm  v2.15.1
73 error path /usr/local/lib/node_modules/angular-route
74 error code EACCES
75 error errno -13
76 error syscall mkdir
77 error Error: EACCES: permission denied, mkdir '/usr/local/lib/node_modules/angular-route'
77 error     at Error (native)
77 error  { [Error: EACCES: permission denied, mkdir '/usr/local/lib/node_modules/angular-route']
77 error   errno: -13,
77 error   code: 'EACCES',
77 error   syscall: 'mkdir',
77 error   path: '/usr/local/lib/node_modules/angular-route',
77 error   fstream_type: 'Directory',
77 error   fstream_path: '/usr/local/lib/node_modules/angular-route',
77 error   fstream_class: 'DirWriter',
77 error   fstream_stack:
77 error    [ '/usr/local/lib/node_modules/npm/node_modules/fstream/lib/dir-writer.js:35:25',
77 error      '/usr/local/lib/node_modules/npm/node_modules/mkdirp/index.js:47:53',
77 error      'FSReqWrap.oncomplete (fs.js:82:15)' ] }
78 error Please try running this command again as root/Administrator.
79 verbose exit [ -13, true ]
80 verbose unbuild lib/node_modules/angular-route
81 silly gentlyRm /usr/local/lib/node_modules/angular-route is being purged from base /usr/local
82 verbose gentlyRm don't care about contents; nuking /usr/local/lib/node_modules/angular-route
